[0m23:18:10.068519 [debug] [MainThread]: Sending event: {'category': 'dbt', 'action': 'invocation', 'label': 'start', 'context': [<snowplow_tracker.self_describing_json.SelfDescribingJson object at 0x10cdce7b0>, <snowplow_tracker.self_describing_json.SelfDescribingJson object at 0x10ddb7610>, <snowplow_tracker.self_describing_json.SelfDescribingJson object at 0x10ddb7750>]}


============================== 23:18:10.071696 | b06dbbdb-09be-4c95-9fe6-ac2e01cd0fc6 ==============================
[0m23:18:10.071696 [info ] [MainThread]: Running with dbt=1.11.2
[0m23:18:10.072133 [debug] [MainThread]: running dbt with arguments {'printer_width': '80', 'log_path': 'logs', 'use_experimental_parser': 'False', 'version_check': 'True', 'log_format': 'default', 'use_colors': 'True', 'warn_error_options': 'WarnErrorOptionsV2(error=[], warn=[], silence=[])', 'send_anonymous_usage_stats': 'True', 'fail_fast': 'False', 'profiles_dir': '/Users/michalowsiak/.dbt', 'no_print': 'None', 'partial_parse': 'True', 'cache_selected_only': 'False', 'quiet': 'False', 'invocation_command': 'dbt init --skip-profile-setup airbnb', 'debug': 'False', 'empty': 'None', 'target_path': 'None', 'write_json': 'True', 'indirect_selection': 'eager', 'static_parser': 'True', 'introspect': 'True', 'warn_error': 'None', 'log_cache_events': 'False'}
[0m23:18:10.121802 [debug] [MainThread]: Starter project path: /Users/michalowsiak/Documents/dev/dbt-repo/.venv/lib/python3.13/site-packages/dbt/include/starter_project
[0m23:18:10.126894 [info ] [MainThread]: 
Your new dbt project "airbnb" was created!

For more information on how to configure the profiles.yml file,
please consult the dbt documentation here:

  https://docs.getdbt.com/docs/configure-your-profile

One more thing:

Need help? Don't hesitate to reach out to us via GitHub issues or on Slack:

  https://community.getdbt.com/

Happy modeling!

[0m23:18:10.148350 [debug] [MainThread]: Resource report: {"command_name": "init", "command_success": true, "command_wall_clock_time": 0.13840413, "process_in_blocks": "0", "process_kernel_time": 0.185521, "process_mem_max_rss": "114491392", "process_out_blocks": "0", "process_user_time": 1.020818}
[0m23:18:10.148840 [debug] [MainThread]: Command `dbt init` succeeded at 23:18:10.148750 after 0.14 seconds
[0m23:18:10.149100 [debug] [MainThread]: Sending event: {'category': 'dbt', 'action': 'invocation', 'label': 'end', 'context': [<snowplow_tracker.self_describing_json.SelfDescribingJson object at 0x10def42b0>, <snowplow_tracker.self_describing_json.SelfDescribingJson object at 0x10df0a8d0>, <snowplow_tracker.self_describing_json.SelfDescribingJson object at 0x10dc3b790>]}
[0m23:18:10.149357 [debug] [MainThread]: Flushing usage events
[0m23:18:10.902053 [debug] [MainThread]: An error was encountered while trying to flush usage events
[0m23:29:31.866339 [debug] [MainThread]: Sending event: {'category': 'dbt', 'action': 'invocation', 'label': 'start', 'context': [<snowplow_tracker.self_describing_json.SelfDescribingJson object at 0x10838a7b0>, <snowplow_tracker.self_describing_json.SelfDescribingJson object at 0x109373610>, <snowplow_tracker.self_describing_json.SelfDescribingJson object at 0x109373750>]}


============================== 23:29:31.870943 | b53be576-ea5c-43b4-92ea-f03944e36057 ==============================
[0m23:29:31.870943 [info ] [MainThread]: Running with dbt=1.11.2
[0m23:29:31.871427 [debug] [MainThread]: running dbt with arguments {'introspect': 'True', 'warn_error': 'None', 'invocation_command': 'dbt debug', 'version_check': 'True', 'use_colors': 'True', 'no_print': 'None', 'profiles_dir': '/Users/michalowsiak/.dbt', 'write_json': 'True', 'target_path': 'None', 'log_cache_events': 'False', 'use_experimental_parser': 'False', 'static_parser': 'True', 'log_format': 'default', 'debug': 'False', 'empty': 'None', 'cache_selected_only': 'False', 'partial_parse': 'True', 'warn_error_options': 'WarnErrorOptionsV2(error=[], warn=[], silence=[])', 'indirect_selection': 'eager', 'quiet': 'False', 'printer_width': '80', 'send_anonymous_usage_stats': 'True', 'log_path': 'logs', 'fail_fast': 'False'}
[0m23:29:31.888536 [info ] [MainThread]: dbt version: 1.11.2
[0m23:29:31.888926 [info ] [MainThread]: python version: 3.13.7
[0m23:29:31.889127 [info ] [MainThread]: python path: /Users/michalowsiak/Documents/dev/dbt-repo/.venv/bin/python
[0m23:29:31.889299 [info ] [MainThread]: os info: macOS-26.1-arm64-arm-64bit-Mach-O
[0m23:29:31.889526 [info ] [MainThread]: Using profiles dir at /Users/michalowsiak/.dbt
[0m23:29:31.889688 [info ] [MainThread]: Using profiles.yml file at /Users/michalowsiak/.dbt/profiles.yml
[0m23:29:31.889845 [info ] [MainThread]: Using dbt_project.yml file at /Users/michalowsiak/Documents/dev/dbt-repo/dbt_project.yml
[0m23:29:31.890022 [info ] [MainThread]: Configuration:
[0m23:29:31.890183 [info ] [MainThread]:   profiles.yml file [[31mERROR not found[0m]
[0m23:29:31.890337 [info ] [MainThread]:   dbt_project.yml file [[31mERROR not found[0m]
[0m23:29:31.890493 [info ] [MainThread]: Required dependencies:
[0m23:29:31.890709 [debug] [MainThread]: Executing "git --help"
[0m23:29:31.902578 [debug] [MainThread]: STDOUT: "b"usage: git [-v | --version] [-h | --help] [-C <path>] [-c <name>=<value>]\n           [--exec-path[=<path>]] [--html-path] [--man-path] [--info-path]\n           [-p | --paginate | -P | --no-pager] [--no-replace-objects] [--no-lazy-fetch]\n           [--no-optional-locks] [--no-advice] [--bare] [--git-dir=<path>]\n           [--work-tree=<path>] [--namespace=<name>] [--config-env=<name>=<envvar>]\n           <command> [<args>]\n\nThese are common Git commands used in various situations:\n\nstart a working area (see also: git help tutorial)\n   clone      Clone a repository into a new directory\n   init       Create an empty Git repository or reinitialize an existing one\n\nwork on the current change (see also: git help everyday)\n   add        Add file contents to the index\n   mv         Move or rename a file, a directory, or a symlink\n   restore    Restore working tree files\n   rm         Remove files from the working tree and from the index\n\nexamine the history and state (see also: git help revisions)\n   bisect     Use binary search to find the commit that introduced a bug\n   diff       Show changes between commits, commit and working tree, etc\n   grep       Print lines matching a pattern\n   log        Show commit logs\n   show       Show various types of objects\n   status     Show the working tree status\n\ngrow, mark and tweak your common history\n   backfill   Download missing objects in a partial clone\n   branch     List, create, or delete branches\n   commit     Record changes to the repository\n   merge      Join two or more development histories together\n   rebase     Reapply commits on top of another base tip\n   reset      Reset current HEAD to the specified state\n   switch     Switch branches\n   tag        Create, list, delete or verify a tag object signed with GPG\n\ncollaborate (see also: git help workflows)\n   fetch      Download objects and refs from another repository\n   pull       Fetch from and integrate with another repository or a local branch\n   push       Update remote refs along with associated objects\n\n'git help -a' and 'git help -g' list available subcommands and some\nconcept guides. See 'git help <command>' or 'git help <concept>'\nto read about a specific subcommand or concept.\nSee 'git help git' for an overview of the system.\n""
[0m23:29:31.903191 [debug] [MainThread]: STDERR: "b''"
[0m23:29:31.903426 [info ] [MainThread]:  - git [[32mOK found[0m]

[0m23:29:31.903635 [info ] [MainThread]: Connection test skipped since no profile was found
[0m23:29:31.903942 [info ] [MainThread]: [31m2 checks failed:[0m
[0m23:29:31.904112 [info ] [MainThread]: dbt looked for a profiles.yml file in /Users/michalowsiak/.dbt/profiles.yml, but did
not find one. For more information on configuring your profile, consult the
documentation:

https://docs.getdbt.com/docs/configure-your-profile


[0m23:29:31.904291 [info ] [MainThread]: Project loading failed for the following reason:
 project path </Users/michalowsiak/Documents/dev/dbt-repo/dbt_project.yml> not found

[0m23:29:31.907146 [debug] [MainThread]: Resource report: {"command_name": "debug", "command_success": false, "command_wall_clock_time": 0.105639, "process_in_blocks": "0", "process_kernel_time": 0.200905, "process_mem_max_rss": "112787456", "process_out_blocks": "0", "process_user_time": 1.026087}
[0m23:29:31.907538 [debug] [MainThread]: Command `dbt debug` failed at 23:29:31.907458 after 0.11 seconds
[0m23:29:31.907884 [debug] [MainThread]: Sending event: {'category': 'dbt', 'action': 'invocation', 'label': 'end', 'context': [<snowplow_tracker.self_describing_json.SelfDescribingJson object at 0x1093929e0>, <snowplow_tracker.self_describing_json.SelfDescribingJson object at 0x109266210>, <snowplow_tracker.self_describing_json.SelfDescribingJson object at 0x10945c490>]}
[0m23:29:31.908192 [debug] [MainThread]: Flushing usage events
[0m23:29:32.820018 [debug] [MainThread]: An error was encountered while trying to flush usage events
[0m17:14:18.237922 [debug] [MainThread]: Sending event: {'category': 'dbt', 'action': 'invocation', 'label': 'start', 'context': [<snowplow_tracker.self_describing_json.SelfDescribingJson object at 0x10c93e7b0>, <snowplow_tracker.self_describing_json.SelfDescribingJson object at 0x10d92b610>, <snowplow_tracker.self_describing_json.SelfDescribingJson object at 0x10d92b750>]}


============================== 17:14:18.242678 | 112616a6-0c14-4b0c-99ab-a1eb5908a681 ==============================
[0m17:14:18.242678 [info ] [MainThread]: Running with dbt=1.11.2
[0m17:14:18.243161 [debug] [MainThread]: running dbt with arguments {'static_parser': 'True', 'introspect': 'True', 'log_cache_events': 'False', 'log_path': 'logs', 'warn_error': 'None', 'version_check': 'True', 'warn_error_options': 'WarnErrorOptionsV2(error=[], warn=[], silence=[])', 'debug': 'False', 'invocation_command': 'dbt run', 'profiles_dir': '/Users/michalowsiak/.dbt', 'indirect_selection': 'eager', 'printer_width': '80', 'use_colors': 'True', 'write_json': 'True', 'no_print': 'None', 'partial_parse': 'True', 'target_path': 'None', 'log_format': 'default', 'send_anonymous_usage_stats': 'True', 'fail_fast': 'False', 'cache_selected_only': 'False', 'use_experimental_parser': 'False', 'quiet': 'False', 'empty': 'False'}
[0m17:14:18.243611 [error] [MainThread]: Encountered an error:
Runtime Error
  No dbt_project.yml found at expected path /Users/michalowsiak/Documents/dev/dbt-repo/dbt_project.yml
  Verify that each entry within packages.yml (and their transitive dependencies) contains a file named dbt_project.yml
  
[0m17:14:18.273013 [debug] [MainThread]: Resource report: {"command_name": "run", "command_success": false, "command_wall_clock_time": 0.10290533, "process_in_blocks": "0", "process_kernel_time": 0.230212, "process_mem_max_rss": "111722496", "process_out_blocks": "0", "process_user_time": 1.038095}
[0m17:14:18.273640 [debug] [MainThread]: Command `dbt run` failed at 17:14:18.273547 after 0.10 seconds
[0m17:14:18.273939 [debug] [MainThread]: Sending event: {'category': 'dbt', 'action': 'invocation', 'label': 'end', 'context': [<snowplow_tracker.self_describing_json.SelfDescribingJson object at 0x10d946520>, <snowplow_tracker.self_describing_json.SelfDescribingJson object at 0x10d81e0f0>, <snowplow_tracker.self_describing_json.SelfDescribingJson object at 0x10d7ab790>]}
[0m17:14:18.274227 [debug] [MainThread]: Flushing usage events
[0m17:14:19.342139 [debug] [MainThread]: An error was encountered while trying to flush usage events
[0m11:35:50.659934 [debug] [MainThread]: Sending event: {'category': 'dbt', 'action': 'invocation', 'label': 'start', 'context': [<snowplow_tracker.self_describing_json.SelfDescribingJson object at 0x10ca167b0>, <snowplow_tracker.self_describing_json.SelfDescribingJson object at 0x10da03610>, <snowplow_tracker.self_describing_json.SelfDescribingJson object at 0x10da03750>]}


============================== 11:35:50.664425 | 47747de3-4255-41b7-8efe-6530ddfeea4c ==============================
[0m11:35:50.664425 [info ] [MainThread]: Running with dbt=1.11.2
[0m11:35:50.664904 [debug] [MainThread]: running dbt with arguments {'warn_error': 'None', 'no_print': 'None', 'version_check': 'True', 'static_parser': 'True', 'fail_fast': 'False', 'target_path': 'None', 'log_cache_events': 'False', 'send_anonymous_usage_stats': 'True', 'empty': 'None', 'write_json': 'True', 'indirect_selection': 'eager', 'invocation_command': 'dbt seed', 'log_format': 'default', 'printer_width': '80', 'warn_error_options': 'WarnErrorOptionsV2(error=[], warn=[], silence=[])', 'use_experimental_parser': 'False', 'use_colors': 'True', 'partial_parse': 'True', 'profiles_dir': '/Users/michalowsiak/.dbt', 'cache_selected_only': 'False', 'log_path': 'logs', 'quiet': 'False', 'debug': 'False', 'introspect': 'True'}
[0m11:35:50.665337 [error] [MainThread]: Encountered an error:
Runtime Error
  No dbt_project.yml found at expected path /Users/michalowsiak/Documents/dev/dbt-repo/dbt_project.yml
  Verify that each entry within packages.yml (and their transitive dependencies) contains a file named dbt_project.yml
  
[0m11:35:50.695409 [debug] [MainThread]: Resource report: {"command_name": "seed", "command_success": false, "command_wall_clock_time": 0.10137408, "process_in_blocks": "0", "process_kernel_time": 0.219623, "process_mem_max_rss": "111362048", "process_out_blocks": "0", "process_user_time": 1.019569}
[0m11:35:50.696659 [debug] [MainThread]: Command `dbt seed` failed at 11:35:50.696550 after 0.10 seconds
[0m11:35:50.696971 [debug] [MainThread]: Sending event: {'category': 'dbt', 'action': 'invocation', 'label': 'end', 'context': [<snowplow_tracker.self_describing_json.SelfDescribingJson object at 0x10da1e520>, <snowplow_tracker.self_describing_json.SelfDescribingJson object at 0x10d8f60f0>, <snowplow_tracker.self_describing_json.SelfDescribingJson object at 0x10d883790>]}
[0m11:35:50.697241 [debug] [MainThread]: Flushing usage events
[0m11:35:51.511310 [debug] [MainThread]: An error was encountered while trying to flush usage events
